Build started 10/31/2015 1:45:14 PM.
     1>Project "C:\Users\Crystal\Desktop\RIT_Fall2015\cs510\lab4\lab4\lab4.vcxproj" on node 2 (Build target(s)).
     1>ClCompile:
         C:\Program Files (x86)\Microsoft Visual Studio 12.0\VC\bin\CL.exe /c /IC:\Users\Crystal\Desktop\RIT_Fall2015\cs510\libs\freeglut\include /I"C:\Users\Crystal\Desktop\RIT_Fall2015\cs510\libs\glew-1.13.0\include" /ZI /nologo /W4 /WX- /sdl /Od /Oy- /D _CRT_SECURE_NO_WARNINGS /Gm /EHsc /RTC1 /MDd /GS /fp:precise /Zc:wchar_t /Zc:forScope /Fo"Debug\\" /Fd"Debug\vc120.pdb" /Gd /TP /analyze- /errorReport:prompt cgShape.cpp
         cgShape.cpp
     1>c:\users\crystal\desktop\rit_fall2015\cs510\lab4\lab4\cgshape.cpp(45): warning C4100: 'z' : unreferenced formal parameter
     1>c:\users\crystal\desktop\rit_fall2015\cs510\lab4\lab4\cgshape.cpp(45): warning C4100: 'y' : unreferenced formal parameter
     1>c:\users\crystal\desktop\rit_fall2015\cs510\lab4\lab4\cgshape.cpp(45): warning C4100: 'x' : unreferenced formal parameter
     1>c:\users\crystal\desktop\rit_fall2015\cs510\lab4\lab4\cgshape.cpp(61): warning C4244: 'initializing' : conversion from 'double' to 'float', possible loss of data
     1>c:\users\crystal\desktop\rit_fall2015\cs510\lab4\lab4\cgshape.cpp(62): warning C4189: 'p' : local variable is initialized but not referenced
     1>c:\users\crystal\desktop\rit_fall2015\cs510\lab4\lab4\cgshape.cpp(63): warning C4189: 'inc' : local variable is initialized but not referenced
     1>c:\users\crystal\desktop\rit_fall2015\cs510\lab4\lab4\cgshape.cpp(117): warning C4100: 'radius' : unreferenced formal parameter
     1>c:\users\crystal\desktop\rit_fall2015\cs510\lab4\lab4\cgshape.cpp(141): warning C4100: 'radius' : unreferenced formal parameter
     1>c:\users\crystal\desktop\rit_fall2015\cs510\lab4\lab4\cgshape.cpp(165): warning C4100: 'radius' : unreferenced formal parameter
       Link:
         C:\Program Files (x86)\Microsoft Visual Studio 12.0\VC\bin\link.exe /ERRORREPORT:PROMPT /OUT:"C:\Users\Crystal\Desktop\RIT_Fall2015\cs510\lab4\Debug\lab4.exe" /INCREMENTAL /NOLOGO /LIBPATH:"C:\Users\Crystal\Desktop\RIT_Fall2015\cs510\libs\glew-1.13.0\lib\Release\Win32" /LIBPATH:C:\Users\Crystal\Desktop\RIT_Fall2015\cs510\libs\freeglut\lib glew32.lib freeglut.lib kernel32.lib user32.lib gdi32.lib winspool.lib comdlg32.lib advapi32.lib shell32.lib ole32.lib oleaut32.lib uuid.lib odbc32.lib odbccp32.lib /MANIFEST /MANIFESTUAC:"level='asInvoker' uiAccess='false'" /manifest:embed /DEBUG /PDB:"C:\Users\Crystal\Desktop\RIT_Fall2015\cs510\lab4\Debug\lab4.pdb" /TLBID:1 /DYNAMICBASE /NXCOMPAT /IMPLIB:"C:\Users\Crystal\Desktop\RIT_Fall2015\cs510\lab4\Debug\lab4.lib" /MACHINE:X86 Debug\cgShape.obj
         Debug\shaderSetup.obj
         Debug\simpleShape.obj
         Debug\tessMain.obj
         lab4.vcxproj -> C:\Users\Crystal\Desktop\RIT_Fall2015\cs510\lab4\Debug\lab4.exe
     1>Done Building Project "C:\Users\Crystal\Desktop\RIT_Fall2015\cs510\lab4\lab4\lab4.vcxproj" (Build target(s)).

Build succeeded.

Time Elapsed 00:00:00.48
